Starting daily logging of live.py fetches
Log file: /root/CascadeProjects/sports bot/football/logs/football_fetches_2025-04-29.log
Interval: 30 seconds
Press Ctrl+C to stop
==================================================

Fetch #1 at 2025-04-29 21:41:37 ET
Logged 16 matches to /root/CascadeProjects/sports bot/football/logs/football_fetches_2025-04-29.log
Next fetch at 2025-04-29 21:42:38 ET
--------------------------------------------------

Fetch #2 at 2025-04-29 21:42:38 ET
Logged 16 matches to /root/CascadeProjects/sports bot/football/logs/football_fetches_2025-04-29.log
Next fetch at 2025-04-29 21:43:40 ET
--------------------------------------------------

Fetch #3 at 2025-04-29 21:43:40 ET
Logged 16 matches to /root/CascadeProjects/sports bot/football/logs/football_fetches_2025-04-29.log
Next fetch at 2025-04-29 21:44:40 ET
--------------------------------------------------

Fetch #4 at 2025-04-29 21:44:40 ET
Logged 15 matches to /root/CascadeProjects/sports bot/football/logs/football_fetches_2025-04-29.log
Next fetch at 2025-04-29 21:45:38 ET
--------------------------------------------------

Fetch #5 at 2025-04-29 21:45:38 ET
Logged 15 matches to /root/CascadeProjects/sports bot/football/logs/football_fetches_2025-04-29.log
Next fetch at 2025-04-29 21:46:35 ET
--------------------------------------------------

Fetch #6 at 2025-04-29 21:46:35 ET
Logged 15 matches to /root/CascadeProjects/sports bot/football/logs/football_fetches_2025-04-29.log
Next fetch at 2025-04-29 21:47:34 ET
--------------------------------------------------

Fetch #7 at 2025-04-29 21:47:34 ET
Logged 15 matches to /root/CascadeProjects/sports bot/football/logs/football_fetches_2025-04-29.log
Next fetch at 2025-04-29 21:48:27 ET
--------------------------------------------------

Fetch #8 at 2025-04-29 21:48:27 ET
Logged 16 matches to /root/CascadeProjects/sports bot/football/logs/football_fetches_2025-04-29.log
Next fetch at 2025-04-29 21:49:21 ET
--------------------------------------------------

Fetch #9 at 2025-04-29 21:49:21 ET
Logged 16 matches to /root/CascadeProjects/sports bot/football/logs/football_fetches_2025-04-29.log
Next fetch at 2025-04-29 21:50:16 ET
--------------------------------------------------

Fetch #10 at 2025-04-29 21:50:16 ET
Logged 16 matches to /root/CascadeProjects/sports bot/football/logs/football_fetches_2025-04-29.log
Next fetch at 2025-04-29 21:51:10 ET
--------------------------------------------------

Fetch #11 at 2025-04-29 21:51:10 ET
Logged 15 matches to /root/CascadeProjects/sports bot/football/logs/football_fetches_2025-04-29.log
Next fetch at 2025-04-29 21:52:02 ET
--------------------------------------------------

Fetch #12 at 2025-04-29 21:52:02 ET
Logged 15 matches to /root/CascadeProjects/sports bot/football/logs/football_fetches_2025-04-29.log
Next fetch at 2025-04-29 21:52:53 ET
--------------------------------------------------

Fetch #13 at 2025-04-29 21:52:53 ET
Logged 16 matches to /root/CascadeProjects/sports bot/football/logs/football_fetches_2025-04-29.log
Next fetch at 2025-04-29 21:53:46 ET
--------------------------------------------------

Fetch #14 at 2025-04-29 21:53:46 ET
Logged 16 matches to /root/CascadeProjects/sports bot/football/logs/football_fetches_2025-04-29.log
Next fetch at 2025-04-29 21:54:41 ET
--------------------------------------------------

Fetch #15 at 2025-04-29 21:54:41 ET
Logged 16 matches to /root/CascadeProjects/sports bot/football/logs/football_fetches_2025-04-29.log
Next fetch at 2025-04-29 21:55:39 ET
--------------------------------------------------

Fetch #16 at 2025-04-29 21:55:39 ET
Logged 15 matches to /root/CascadeProjects/sports bot/football/logs/football_fetches_2025-04-29.log
Next fetch at 2025-04-29 21:56:33 ET
--------------------------------------------------

Fetch #17 at 2025-04-29 21:56:33 ET
Logged 15 matches to /root/CascadeProjects/sports bot/football/logs/football_fetches_2025-04-29.log
Next fetch at 2025-04-29 21:57:26 ET
--------------------------------------------------

Fetch #18 at 2025-04-29 21:57:26 ET
Logged 15 matches to /root/CascadeProjects/sports bot/football/logs/football_fetches_2025-04-29.log
Next fetch at 2025-04-29 21:58:20 ET
--------------------------------------------------

Fetch #19 at 2025-04-29 21:58:20 ET
Logged 14 matches to /root/CascadeProjects/sports bot/football/logs/football_fetches_2025-04-29.log
Next fetch at 2025-04-29 21:59:12 ET
--------------------------------------------------

Fetch #20 at 2025-04-29 21:59:12 ET
Logged 14 matches to /root/CascadeProjects/sports bot/football/logs/football_fetches_2025-04-29.log
Next fetch at 2025-04-29 22:00:04 ET
--------------------------------------------------

Fetch #21 at 2025-04-29 22:00:04 ET
Logged 15 matches to /root/CascadeProjects/sports bot/football/logs/football_fetches_2025-04-29.log
Next fetch at 2025-04-29 22:01:07 ET
--------------------------------------------------

Fetch #22 at 2025-04-29 22:01:07 ET
Logged 15 matches to /root/CascadeProjects/sports bot/football/logs/football_fetches_2025-04-29.log
Next fetch at 2025-04-29 22:02:03 ET
--------------------------------------------------

Fetch #23 at 2025-04-29 22:02:03 ET
Logged 15 matches to /root/CascadeProjects/sports bot/football/logs/football_fetches_2025-04-29.log
Next fetch at 2025-04-29 22:02:55 ET
--------------------------------------------------

Fetch #24 at 2025-04-29 22:02:55 ET
Logged 15 matches to /root/CascadeProjects/sports bot/football/logs/football_fetches_2025-04-29.log
Next fetch at 2025-04-29 22:03:49 ET
--------------------------------------------------

Fetch #25 at 2025-04-29 22:03:49 ET
Logged 14 matches to /root/CascadeProjects/sports bot/football/logs/football_fetches_2025-04-29.log
Next fetch at 2025-04-29 22:04:45 ET
--------------------------------------------------

Fetch #26 at 2025-04-29 22:04:45 ET
Logged 14 matches to /root/CascadeProjects/sports bot/football/logs/football_fetches_2025-04-29.log
Next fetch at 2025-04-29 22:05:42 ET
--------------------------------------------------

Fetch #27 at 2025-04-29 22:05:42 ET
Logged 13 matches to /root/CascadeProjects/sports bot/football/logs/football_fetches_2025-04-29.log
Next fetch at 2025-04-29 22:06:38 ET
--------------------------------------------------

Fetch #28 at 2025-04-29 22:06:38 ET
Logged 14 matches to /root/CascadeProjects/sports bot/football/logs/football_fetches_2025-04-29.log
Next fetch at 2025-04-29 22:07:31 ET
--------------------------------------------------

Fetch #29 at 2025-04-29 22:07:31 ET
Logged 16 matches to /root/CascadeProjects/sports bot/football/logs/football_fetches_2025-04-29.log
Next fetch at 2025-04-29 22:08:23 ET
--------------------------------------------------

Fetch #30 at 2025-04-29 22:08:23 ET
Logged 15 matches to /root/CascadeProjects/sports bot/football/logs/football_fetches_2025-04-29.log
Next fetch at 2025-04-29 22:09:14 ET
--------------------------------------------------

Fetch #31 at 2025-04-29 22:09:14 ET
Logged 15 matches to /root/CascadeProjects/sports bot/football/logs/football_fetches_2025-04-29.log
Next fetch at 2025-04-29 22:10:05 ET
--------------------------------------------------

Fetch #32 at 2025-04-29 22:10:05 ET
Logged 13 matches to /root/CascadeProjects/sports bot/football/logs/football_fetches_2025-04-29.log
Next fetch at 2025-04-29 22:10:55 ET
--------------------------------------------------

Fetch #33 at 2025-04-29 22:10:55 ET
Logged 13 matches to /root/CascadeProjects/sports bot/football/logs/football_fetches_2025-04-29.log
Next fetch at 2025-04-29 22:11:43 ET
--------------------------------------------------

Fetch #34 at 2025-04-29 22:11:43 ET
Logged 13 matches to /root/CascadeProjects/sports bot/football/logs/football_fetches_2025-04-29.log
Next fetch at 2025-04-29 22:12:34 ET
--------------------------------------------------

Fetch #35 at 2025-04-29 22:12:34 ET
Logged 13 matches to /root/CascadeProjects/sports bot/football/logs/football_fetches_2025-04-29.log
Next fetch at 2025-04-29 22:13:23 ET
--------------------------------------------------

Fetch #36 at 2025-04-29 22:13:23 ET
